INFO 2022-12-22 08:17:44,703 Watching for file changes with StatReloader
INFO 2022-12-22 08:17:46,696 "GET / HTTP/1.1" 200 10701
INFO 2022-12-22 08:17:49,785 "GET /accounts/logout/ HTTP/1.1" 302 0
INFO 2022-12-22 08:17:49,801 "GET / HTTP/1.1" 302 0
INFO 2022-12-22 08:17:49,823 "GET /accounts/login/?next=/ HTTP/1.1" 200 4035
INFO 2022-12-22 08:21:43,151 "POST /accounts/login/ HTTP/1.1" 302 0
INFO 2022-12-22 08:21:43,171 "GET / HTTP/1.1" 200 10701
INFO 2022-12-22 08:21:44,710 "GET /class/create/ HTTP/1.1" 200 11262
INFO 2022-12-22 08:21:45,656 "GET /class/create_student HTTP/1.1" 200 11810
INFO 2022-12-22 08:21:47,967 "GET /student/create/ HTTP/1.1" 200 13719
INFO 2022-12-22 08:21:48,424 "GET /student/list HTTP/1.1" 200 11374
INFO 2022-12-22 08:21:49,612 "GET /student/create/ HTTP/1.1" 200 13719
INFO 2022-12-22 08:21:59,294 "POST /student/create/ HTTP/1.1" 200 13864
INFO 2022-12-22 08:22:01,703 "GET /student/list HTTP/1.1" 200 11374
INFO 2022-12-22 08:22:02,800 "GET /student/create/ HTTP/1.1" 200 13719
INFO 2022-12-22 08:22:09,782 "POST /student/create/ HTTP/1.1" 302 0
INFO 2022-12-22 08:22:09,813 "GET /student/21525114/ HTTP/1.1" 200 12995
INFO 2022-12-22 08:22:09,861 "GET /static/dist/img/avatar.png HTTP/1.1" 304 0
INFO 2022-12-22 08:22:11,122 "GET /student/list HTTP/1.1" 200 11678
INFO 2022-12-22 08:22:12,207 "GET /student/create/ HTTP/1.1" 200 13719
INFO 2022-12-22 08:22:17,162 "POST /student/create/ HTTP/1.1" 302 0
INFO 2022-12-22 08:22:17,192 "GET /student/21522755/ HTTP/1.1" 200 13027
INFO 2022-12-22 08:22:18,239 "GET /student/create/ HTTP/1.1" 200 13719
INFO 2022-12-22 08:22:31,472 "GET /student/list HTTP/1.1" 200 12014
INFO 2022-12-22 08:22:34,887 "GET /student/21522755/ HTTP/1.1" 200 12881
INFO 2022-12-22 08:22:36,324 "GET /student/delete/21522755/ HTTP/1.1" 200 11051
INFO 2022-12-22 08:22:37,679 "POST /student/delete/21522755/ HTTP/1.1" 302 0
INFO 2022-12-22 08:22:37,702 "GET /student/list HTTP/1.1" 200 11678
INFO 2022-12-22 08:22:40,419 "GET /student/21525114/ HTTP/1.1" 200 12849
INFO 2022-12-22 08:22:41,678 "GET /student/delete/21525114/ HTTP/1.1" 200 11019
INFO 2022-12-22 08:22:46,682 "GET /student/list HTTP/1.1" 200 11678
INFO 2022-12-22 08:22:49,416 "GET /student/list HTTP/1.1" 200 11678
INFO 2022-12-22 08:22:55,040 "GET /student/create/ HTTP/1.1" 200 13719
INFO 2022-12-22 08:23:10,191 "POST /student/create/ HTTP/1.1" 302 0
INFO 2022-12-22 08:23:10,213 "GET /student/21527816/ HTTP/1.1" 200 13018
INFO 2022-12-22 08:23:12,339 "GET /student/list HTTP/1.1" 200 11988
INFO 2022-12-22 08:23:14,545 "GET /student/create/ HTTP/1.1" 200 13719
INFO 2022-12-22 08:24:53,846 "POST /student/create/ HTTP/1.1" 302 0
INFO 2022-12-22 08:24:53,871 "GET /student/21521014/ HTTP/1.1" 200 12992
INFO 2022-12-22 08:24:59,376 "GET /student/list HTTP/1.1" 200 12289
INFO 2022-12-22 08:25:03,039 "GET /student/21525114/ HTTP/1.1" 200 12849
INFO 2022-12-22 08:25:04,415 "GET /student/delete/21525114/ HTTP/1.1" 200 11019
INFO 2022-12-22 08:25:05,433 "POST /student/delete/21525114/ HTTP/1.1" 302 0
INFO 2022-12-22 08:25:05,451 "GET /student/list HTTP/1.1" 200 11985
INFO 2022-12-22 08:25:06,785 "GET /student/create/ HTTP/1.1" 200 13719
INFO 2022-12-22 08:25:57,952 "POST /student/create/ HTTP/1.1" 302 0
INFO 2022-12-22 08:25:57,982 "GET /student/21528523/ HTTP/1.1" 200 12991
INFO 2022-12-22 08:25:59,352 "GET /student/list HTTP/1.1" 200 12285
INFO 2022-12-22 08:26:00,321 "GET /student/create/ HTTP/1.1" 200 13719
INFO 2022-12-22 08:26:00,957 "GET /student/list HTTP/1.1" 200 12285
INFO 2022-12-22 08:26:02,334 "GET /finance/list/ HTTP/1.1" 200 11359
INFO 2022-12-22 08:26:06,645 "GET /finance/create/ HTTP/1.1" 200 14974
INFO 2022-12-22 08:26:21,095 "GET /finance/list/ HTTP/1.1" 200 11359
INFO 2022-12-22 08:26:25,992 "GET /finance/create/ HTTP/1.1" 200 14974
INFO 2022-12-22 08:26:57,756 "POST /finance/create/ HTTP/1.1" 302 0
INFO 2022-12-22 08:26:57,769 "GET /finance/list HTTP/1.1" 301 0
INFO 2022-12-22 08:26:57,811 "GET /finance/list/ HTTP/1.1" 200 11787
INFO 2022-12-22 08:27:01,691 "GET /finance/receipt/create?invoice=1 HTTP/1.1" 200 12284
INFO 2022-12-22 08:27:05,538 "GET /finance/list/ HTTP/1.1" 200 11787
INFO 2022-12-22 08:27:06,816 "GET /finance/receipt/create?invoice=1 HTTP/1.1" 200 12284
INFO 2022-12-22 08:27:14,591 "GET /finance/list/ HTTP/1.1" 200 11787
INFO 2022-12-22 08:27:16,688 "GET /class/create/ HTTP/1.1" 200 11262
INFO 2022-12-22 08:27:26,816 "GET /student/list HTTP/1.1" 200 12285
INFO 2022-12-22 08:31:52,825 "GET /result/create/ HTTP/1.1" 200 12426
INFO 2022-12-22 08:31:57,420 "POST /result/create/ HTTP/1.1" 200 12624
INFO 2022-12-22 08:32:01,640 "GET /result/edit-results/ HTTP/1.1" 200 11580
INFO 2022-12-22 08:32:02,601 "GET /result/view/all HTTP/1.1" 200 10268
INFO 2022-12-22 08:32:03,497 "GET /result/edit-results/ HTTP/1.1" 200 11580
INFO 2022-12-22 08:32:04,707 "GET /result/view/all_class HTTP/1.1" 200 10268
INFO 2022-12-22 08:32:05,881 "GET /result/edit-class_results/ HTTP/1.1" 200 11952
INFO 2022-12-22 08:32:10,054 "GET /result/view/subject HTTP/1.1" 200 11951
INFO 2022-12-22 08:32:22,604 "GET /result/view/subject HTTP/1.1" 200 11951
INFO 2022-12-22 08:32:29,477 "GET /result/edit-class_results/ HTTP/1.1" 200 11952
INFO 2022-12-22 08:32:32,740 "GET /result/view/all_class HTTP/1.1" 200 10268
INFO 2022-12-22 08:32:33,468 "GET /result/create/ HTTP/1.1" 200 12426
INFO 2022-12-22 08:32:34,249 "GET /class/create/ HTTP/1.1" 200 11262
INFO 2022-12-22 08:32:35,065 "GET /student/list HTTP/1.1" 200 12285
INFO 2022-12-22 08:33:46,832 "GET /site-config HTTP/1.1" 200 12347
INFO 2022-12-22 08:34:58,161 "GET /accounts/logout/ HTTP/1.1" 302 0
INFO 2022-12-22 08:34:58,174 "GET / HTTP/1.1" 302 0
INFO 2022-12-22 08:34:58,187 "GET /accounts/login/?next=/ HTTP/1.1" 200 4035
INFO 2022-12-22 08:37:34,610 "POST /accounts/login/ HTTP/1.1" 302 0
INFO 2022-12-22 08:37:34,626 "GET / HTTP/1.1" 200 10701
INFO 2022-12-22 08:37:35,975 "GET /class/create/ HTTP/1.1" 200 11262
INFO 2022-12-22 08:37:36,633 "GET /class/list/ HTTP/1.1" 200 12940
INFO 2022-12-22 08:37:37,074 "GET /class/create_student HTTP/1.1" 200 12442
INFO 2022-12-22 08:37:37,603 "GET /result/create/ HTTP/1.1" 200 12426
INFO 2022-12-22 08:37:39,383 "GET /result/edit-results/ HTTP/1.1" 200 11580
INFO 2022-12-22 08:37:51,535 "GET /result/create/ HTTP/1.1" 200 12426
INFO 2022-12-22 08:37:54,669 "GET /result/edit-results/ HTTP/1.1" 200 11580
INFO 2022-12-22 08:37:57,651 "GET /result/view/all HTTP/1.1" 200 10268
INFO 2022-12-22 08:37:59,277 "GET /result/view/all HTTP/1.1" 200 10268
INFO 2022-12-22 08:38:01,555 "GET /result/view/all_class HTTP/1.1" 200 10268
INFO 2022-12-22 08:38:02,677 "GET /result/edit-class_results/ HTTP/1.1" 200 11952
INFO 2022-12-22 08:38:15,116 "POST /result/edit-class_results/ HTTP/1.1" 200 11690
INFO 2022-12-22 08:38:17,157 "GET /result/view/subject HTTP/1.1" 200 11951
INFO 2022-12-22 08:38:28,106 "GET /result/create/ HTTP/1.1" 200 12426
INFO 2022-12-22 08:39:07,434 "GET /student/create/ HTTP/1.1" 200 13719
INFO 2022-12-22 08:39:13,231 "GET /student/list HTTP/1.1" 200 12285
INFO 2022-12-22 08:39:14,865 "GET /finance/list/ HTTP/1.1" 200 11787
INFO 2022-12-22 08:39:18,228 "GET /result/view/subject HTTP/1.1" 200 11951
INFO 2022-12-22 08:39:18,865 "GET /result/edit-class_results/ HTTP/1.1" 200 11952
INFO 2022-12-22 08:39:19,814 "GET /result/view/all_class HTTP/1.1" 200 10268
INFO 2022-12-22 08:39:21,197 "GET /result/view/all HTTP/1.1" 200 10268
INFO 2022-12-22 08:39:21,808 "GET /result/view/all_class HTTP/1.1" 200 10268
INFO 2022-12-22 08:39:22,491 "GET /result/edit-class_results/ HTTP/1.1" 200 11952
INFO 2022-12-22 08:39:23,176 "GET /result/view/subject HTTP/1.1" 200 11951
INFO 2022-12-22 08:39:24,610 "GET /result/create/ HTTP/1.1" 200 12426
INFO 2022-12-22 08:39:26,090 "GET /result/edit-results/ HTTP/1.1" 200 11580
INFO 2022-12-22 08:39:26,968 "GET /result/edit-results/ HTTP/1.1" 200 11580
INFO 2022-12-22 08:39:30,687 "GET /term/list/ HTTP/1.1" 200 13665
INFO 2022-12-22 08:39:34,172 "GET /subject/list/ HTTP/1.1" 200 12846
INFO 2022-12-22 08:39:43,267 "GET /student/list HTTP/1.1" 200 12285
INFO 2022-12-22 08:45:53,906 "GET /student/create/ HTTP/1.1" 200 13719
INFO 2022-12-22 08:46:12,330 "POST /student/create/ HTTP/1.1" 302 0
INFO 2022-12-22 08:46:12,360 "GET /student/21520523/ HTTP/1.1" 200 12970
INFO 2022-12-22 08:46:14,618 "GET /student/list HTTP/1.1" 200 12564
INFO 2022-12-22 08:46:18,315 "GET /student/21520523/ HTTP/1.1" 200 12824
INFO 2022-12-22 08:46:19,656 "GET /student/delete/21520523/ HTTP/1.1" 200 11015
INFO 2022-12-22 08:46:20,851 "POST /student/delete/21520523/ HTTP/1.1" 302 0
INFO 2022-12-22 08:46:20,871 "GET /student/list HTTP/1.1" 200 12285
INFO 2022-12-22 08:46:22,103 "GET /student/list HTTP/1.1" 200 12285
INFO 2022-12-22 08:47:42,434 "GET /result/create/ HTTP/1.1" 200 12426
INFO 2022-12-22 08:47:46,554 "GET /result/edit-results/ HTTP/1.1" 200 11580
INFO 2022-12-22 08:47:48,136 "GET /result/view/all HTTP/1.1" 200 10268
INFO 2022-12-22 08:47:49,701 "GET /result/view/all_class HTTP/1.1" 200 10268
INFO 2022-12-22 08:47:52,264 "GET /result/create/ HTTP/1.1" 200 12426
INFO 2022-12-22 08:47:53,210 "GET /result/view/all HTTP/1.1" 200 10268
INFO 2022-12-22 08:47:54,177 "GET /result/create/ HTTP/1.1" 200 12426
INFO 2022-12-22 08:47:54,786 "GET /result/view/all_class HTTP/1.1" 200 10268
INFO 2022-12-22 08:47:55,581 "GET /result/create/ HTTP/1.1" 200 12426
INFO 2022-12-22 08:47:58,330 "GET /class/create_student HTTP/1.1" 200 12442
INFO 2022-12-22 08:48:03,000 "POST /class/create_student HTTP/1.1" 200 12103
INFO 2022-12-22 08:48:05,919 "POST /class/create_student HTTP/1.1" 302 0
INFO 2022-12-22 08:48:05,947 "GET /student/list HTTP/1.1" 200 12289
INFO 2022-12-22 08:48:09,561 "GET /class/create_student HTTP/1.1" 200 12446
INFO 2022-12-22 08:48:13,173 "POST /class/create_student HTTP/1.1" 200 12112
INFO 2022-12-22 08:48:20,612 "POST /class/create_student HTTP/1.1" 302 0
INFO 2022-12-22 08:48:20,635 "GET /student/list HTTP/1.1" 200 12297
INFO 2022-12-22 08:48:34,347 "GET /result/create/ HTTP/1.1" 200 12438
INFO 2022-12-22 08:48:41,014 "POST /result/create/ HTTP/1.1" 200 12624
INFO 2022-12-22 08:48:43,158 "POST /result/create/ HTTP/1.1" 302 0
INFO 2022-12-22 08:48:43,188 "GET /result/edit-results/ HTTP/1.1" 200 12989
INFO 2022-12-22 08:48:48,389 "POST /result/edit-results/ HTTP/1.1" 302 0
INFO 2022-12-22 08:48:48,418 "GET /result/edit-results/ HTTP/1.1" 200 13132
INFO 2022-12-22 08:48:51,519 "GET /result/edit-results/ HTTP/1.1" 200 12989
INFO 2022-12-22 08:48:55,608 "GET /result/view/all HTTP/1.1" 200 11676
INFO 2022-12-22 08:49:01,222 "GET /result/view/all_class HTTP/1.1" 200 12329
INFO 2022-12-22 08:49:08,265 "GET /result/view/subject HTTP/1.1" 200 11951
INFO 2022-12-22 08:49:10,722 "POST /result/view/subject HTTP/1.1" 200 13495
INFO 2022-12-22 08:49:13,893 "GET /session/list/ HTTP/1.1" 200 13032
INFO 2022-12-22 08:49:18,838 "GET /site-config HTTP/1.1" 200 12347
INFO 2022-12-22 08:49:21,801 "GET /term/list/ HTTP/1.1" 200 13665
INFO 2022-12-22 08:49:26,869 "GET /subject/list/ HTTP/1.1" 200 12846
INFO 2022-12-22 08:49:30,716 "GET /student/create/ HTTP/1.1" 200 13719
INFO 2022-12-22 08:52:01,993 "GET /result/create/ HTTP/1.1" 200 12438
INFO 2022-12-22 08:52:06,234 "GET /result/edit-results/ HTTP/1.1" 200 12989
INFO 2022-12-22 08:52:07,366 "GET /result/view/all HTTP/1.1" 200 11676
INFO 2022-12-22 08:52:08,154 "GET /result/view/all_class HTTP/1.1" 200 12329
INFO 2022-12-22 08:52:08,894 "GET /result/edit-class_results/ HTTP/1.1" 200 11952
INFO 2022-12-22 08:52:12,219 "GET /result/view/subject HTTP/1.1" 200 11951
INFO 2022-12-22 08:52:14,534 "GET /result/create/ HTTP/1.1" 200 12438
INFO 2022-12-22 08:52:15,002 "GET /result/edit-results/ HTTP/1.1" 200 12989
INFO 2022-12-22 08:52:15,468 "GET /result/view/all HTTP/1.1" 200 11676
INFO 2022-12-22 08:52:16,959 "GET /result/view/all_class HTTP/1.1" 200 12329
INFO 2022-12-22 08:53:02,968 "GET /accounts/logout/ HTTP/1.1" 302 0
INFO 2022-12-22 08:53:02,979 "GET / HTTP/1.1" 302 0
INFO 2022-12-22 08:53:02,991 "GET /accounts/login/?next=/ HTTP/1.1" 200 4035
INFO 2022-12-22 09:18:57,119 "POST /accounts/login/ HTTP/1.1" 302 0
INFO 2022-12-22 09:18:57,138 "GET / HTTP/1.1" 200 10701
INFO 2022-12-22 09:19:03,384 "GET /student/create/ HTTP/1.1" 200 13719
INFO 2022-12-22 09:19:04,785 "GET /student/list HTTP/1.1" 200 12297
INFO 2022-12-22 09:19:07,037 "GET /student/create/ HTTP/1.1" 200 13719
INFO 2022-12-22 09:19:10,559 "GET /finance/list/ HTTP/1.1" 200 11787
INFO 2022-12-22 09:19:11,249 "GET /class/create/ HTTP/1.1" 200 11262
INFO 2022-12-22 09:19:12,410 "GET /finance/list/ HTTP/1.1" 200 11787
INFO 2022-12-22 09:19:16,490 "GET /student/create/ HTTP/1.1" 200 13719
INFO 2022-12-22 09:25:42,418 D:\NhatTung\student-management-system\apps\result\models.py changed, reloading.
INFO 2022-12-22 09:25:43,410 Watching for file changes with StatReloader
INFO 2022-12-22 09:25:58,562 D:\NhatTung\student-management-system\apps\result\models.py changed, reloading.
INFO 2022-12-22 09:25:59,337 Watching for file changes with StatReloader
INFO 2022-12-22 09:26:39,788 Watching for file changes with StatReloader
INFO 2022-12-22 09:26:42,242 "GET / HTTP/1.1" 200 10701
INFO 2022-12-22 09:26:42,413 "GET /static/plugins/fontawesome-free/css/all.min.css HTTP/1.1" 304 0
INFO 2022-12-22 09:26:42,418 "GET /static/plugins/toastr/toastr.min.css HTTP/1.1" 304 0
INFO 2022-12-22 09:26:42,421 "GET /static/plugins/Datatables/datatables.min.css HTTP/1.1" 304 0
INFO 2022-12-22 09:26:42,421 "GET /static/plugins/overlayScrollbars/css/OverlayScrollbars.min.css HTTP/1.1" 304 0
INFO 2022-12-22 09:26:42,421 "GET /static/dist/js/jquery.formset.js HTTP/1.1" 304 0
INFO 2022-12-22 09:26:42,422 "GET /static/dist/css/adminlte.min.css HTTP/1.1" 304 0
INFO 2022-12-22 09:26:42,423 "GET /static/plugins/jquery/jquery.min.js HTTP/1.1" 304 0
INFO 2022-12-22 09:26:42,423 "GET /static/plugins/bootstrap/js/bootstrap.bundle.min.js HTTP/1.1" 304 0
INFO 2022-12-22 09:26:42,425 "GET /static/plugins/toastr/toastr.min.js HTTP/1.1" 304 0
INFO 2022-12-22 09:26:42,430 "GET /static/plugins/overlayScrollbars/js/jquery.overlayScrollbars.min.js HTTP/1.1" 304 0
INFO 2022-12-22 09:26:42,431 "GET /static/dist/js/demo.js HTTP/1.1" 304 0
INFO 2022-12-22 09:26:42,437 "GET /static/dist/js/adminlte.js HTTP/1.1" 304 0
INFO 2022-12-22 09:26:42,437 "GET /static/plugins/Datatables/datatables.min.js HTTP/1.1" 304 0
INFO 2022-12-22 09:26:42,598 "GET /static/plugins/fontawesome-free/webfonts/fa-solid-900.woff2 HTTP/1.1" 304 0
INFO 2022-12-22 09:26:42,598 "GET /static/plugins/fontawesome-free/webfonts/fa-regular-400.woff2 HTTP/1.1" 304 0
INFO 2022-12-22 09:26:43,970 "GET /result/create/ HTTP/1.1" 200 12438
INFO 2022-12-22 09:26:45,605 "GET /result/edit-results/ HTTP/1.1" 200 12989
INFO 2022-12-22 09:26:50,944 "POST /result/edit-results/ HTTP/1.1" 200 12989
INFO 2022-12-22 09:26:53,612 "GET /result/edit-results/ HTTP/1.1" 200 12989
INFO 2022-12-22 09:26:55,065 "GET /result/create/ HTTP/1.1" 200 12438
INFO 2022-12-22 09:26:55,616 "GET /result/edit-results/ HTTP/1.1" 200 12989
INFO 2022-12-22 09:26:56,684 "GET /result/view/all HTTP/1.1" 200 11676
INFO 2022-12-22 09:26:57,411 "GET /result/edit-results/ HTTP/1.1" 200 12989
INFO 2022-12-22 09:27:00,597 "POST /result/edit-results/ HTTP/1.1" 302 0
INFO 2022-12-22 09:27:00,629 "GET /result/edit-results/ HTTP/1.1" 200 13132
INFO 2022-12-22 09:27:06,999 "POST /result/edit-results/ HTTP/1.1" 200 12989
INFO 2022-12-22 09:27:20,497 "POST /result/edit-results/ HTTP/1.1" 302 0
INFO 2022-12-22 09:27:20,534 "GET /result/edit-results/ HTTP/1.1" 200 13132
INFO 2022-12-22 09:27:26,673 "POST /result/edit-results/ HTTP/1.1" 302 0
INFO 2022-12-22 09:27:26,696 "GET /result/edit-results/ HTTP/1.1" 200 11723
INFO 2022-12-22 09:27:33,657 "GET /student/create/ HTTP/1.1" 200 13719
INFO 2022-12-22 09:27:36,156 "GET /student/list HTTP/1.1" 200 12297
INFO 2022-12-22 10:05:11,753 "GET /accounts/logout/ HTTP/1.1" 302 0
INFO 2022-12-22 10:05:11,766 "GET / HTTP/1.1" 302 0
INFO 2022-12-22 10:05:11,788 "GET /accounts/login/?next=/ HTTP/1.1" 200 4035
INFO 2022-12-22 10:05:11,839 "GET /static/dist/css/login-page.css HTTP/1.1" 304 0
INFO 2022-12-22 10:05:11,877 "GET /static/dist/img/login.png HTTP/1.1" 304 0
INFO 2022-12-22 10:11:10,592 "POST /accounts/login/ HTTP/1.1" 302 0
INFO 2022-12-22 10:11:10,615 "GET / HTTP/1.1" 200 10701
INFO 2022-12-22 10:11:13,376 "GET /class/list/ HTTP/1.1" 200 12940
INFO 2022-12-22 10:11:14,546 "GET /student/list HTTP/1.1" 200 12297
INFO 2022-12-22 10:11:16,789 "GET /class/create/ HTTP/1.1" 200 11262
INFO 2022-12-22 10:11:17,411 "GET /class/list/ HTTP/1.1" 200 12940
INFO 2022-12-22 10:11:21,915 "GET /class/create/ HTTP/1.1" 200 11262
INFO 2022-12-22 10:11:34,891 "POST /class/create/ HTTP/1.1" 302 0
INFO 2022-12-22 10:11:34,920 "GET /class/list/ HTTP/1.1" 200 13411
INFO 2022-12-22 10:11:38,429 "GET /class/create_student HTTP/1.1" 200 12454
INFO 2022-12-22 10:11:48,373 "GET /student/list HTTP/1.1" 200 12297
INFO 2022-12-22 10:11:50,042 "GET /student/21521014/ HTTP/1.1" 200 12850
INFO 2022-12-22 10:11:51,332 "GET /student/21521014/update/ HTTP/1.1" 200 13788
INFO 2022-12-22 10:11:54,474 "POST /student/21521014/update/ HTTP/1.1" 302 0
INFO 2022-12-22 10:11:54,505 "GET /student/21521014/ HTTP/1.1" 200 12989
INFO 2022-12-22 10:11:56,854 "GET /student/21521014/update/ HTTP/1.1" 200 13788
INFO 2022-12-22 10:11:58,391 "POST /student/21521014/update/ HTTP/1.1" 302 0
INFO 2022-12-22 10:11:58,415 "GET /student/21521014/ HTTP/1.1" 200 12989
INFO 2022-12-22 10:12:00,580 "GET /student/list HTTP/1.1" 200 12293
INFO 2022-12-22 10:12:02,263 "GET /student/21528523/ HTTP/1.1" 200 12849
INFO 2022-12-22 10:12:04,092 "GET /student/list HTTP/1.1" 200 12293
INFO 2022-12-22 10:12:04,903 "GET /student/21527816/ HTTP/1.1" 200 13180
INFO 2022-12-22 10:12:06,752 "GET /student/list HTTP/1.1" 200 12293
INFO 2022-12-22 10:12:07,766 "GET /result/create/ HTTP/1.1" 200 12434
INFO 2022-12-22 10:12:08,960 "GET /result/edit-results/ HTTP/1.1" 200 11580
INFO 2022-12-22 10:12:09,725 "GET /result/view/all HTTP/1.1" 200 10268
INFO 2022-12-22 10:12:10,569 "GET /result/edit-results/ HTTP/1.1" 200 11580
INFO 2022-12-22 10:12:11,158 "GET /result/create/ HTTP/1.1" 200 12434
INFO 2022-12-22 10:12:12,863 "POST /result/create/ HTTP/1.1" 200 12578
INFO 2022-12-22 10:12:15,224 "POST /result/create/ HTTP/1.1" 200 12615
INFO 2022-12-22 10:12:17,932 "POST /result/create/ HTTP/1.1" 302 0
INFO 2022-12-22 10:12:17,957 "GET /result/edit-results/ HTTP/1.1" 200 12285
INFO 2022-12-22 10:12:23,252 "POST /result/edit-results/ HTTP/1.1" 302 0
INFO 2022-12-22 10:12:23,282 "GET /result/edit-results/ HTTP/1.1" 200 12431
INFO 2022-12-22 10:12:25,136 "GET /student/list HTTP/1.1" 200 12293
INFO 2022-12-22 10:12:28,054 "GET /student/21527816/ HTTP/1.1" 200 13447
INFO 2022-12-22 10:12:30,158 "GET /student/21527816/update/ HTTP/1.1" 200 13822
INFO 2022-12-22 10:12:33,032 "GET /result/create/ HTTP/1.1" 200 12434
INFO 2022-12-22 10:12:34,796 "GET /result/edit-results/ HTTP/1.1" 200 12288
INFO 2022-12-22 10:12:38,749 "GET /result/create/ HTTP/1.1" 200 12434
INFO 2022-12-22 10:12:46,097 "GET /result/edit-results/ HTTP/1.1" 200 12288
INFO 2022-12-22 10:12:48,219 "GET /result/create/ HTTP/1.1" 200 12434
INFO 2022-12-22 10:12:50,824 "GET /result/edit-results/ HTTP/1.1" 200 12288
INFO 2022-12-22 10:12:51,371 "GET /result/view/all HTTP/1.1" 200 10972
INFO 2022-12-22 10:13:03,807 "GET /result/create/ HTTP/1.1" 200 12434
INFO 2022-12-22 10:13:04,910 "GET /result/view/all HTTP/1.1" 200 10972
INFO 2022-12-22 10:13:05,932 "GET /result/view/all_class HTTP/1.1" 200 11305
INFO 2022-12-22 10:13:08,642 "GET /result/edit-class_results/ HTTP/1.1" 200 12098
INFO 2022-12-22 10:13:09,506 "GET /result/view/all_class HTTP/1.1" 200 11305
INFO 2022-12-22 10:13:10,616 "GET /result/view/all HTTP/1.1" 200 10972
INFO 2022-12-22 10:13:12,083 "GET /result/edit-results/ HTTP/1.1" 200 12288
INFO 2022-12-22 10:13:13,576 "GET /result/view/all HTTP/1.1" 200 10972
INFO 2022-12-22 10:13:18,394 "GET /result/view/all_class HTTP/1.1" 200 11305
INFO 2022-12-22 10:13:20,598 "GET /result/edit-class_results/ HTTP/1.1" 200 12098
INFO 2022-12-22 10:13:23,849 "POST /result/edit-class_results/ HTTP/1.1" 200 11690
INFO 2022-12-22 10:13:25,592 "GET /result/view/all_class HTTP/1.1" 200 11305
INFO 2022-12-22 10:13:26,965 "GET /result/edit-class_results/ HTTP/1.1" 200 12098
INFO 2022-12-22 10:13:30,299 "POST /result/edit-class_results/ HTTP/1.1" 200 12398
INFO 2022-12-22 10:13:32,977 "GET /result/view/subject HTTP/1.1" 200 11951
INFO 2022-12-22 10:13:35,597 "POST /result/view/subject HTTP/1.1" 200 12725
INFO 2022-12-22 10:13:37,614 "GET /result/edit-results/ HTTP/1.1" 200 12288
INFO 2022-12-22 10:13:38,718 "GET /result/view/all HTTP/1.1" 200 10972
INFO 2022-12-22 10:13:43,889 "GET /result/edit-results/ HTTP/1.1" 200 12288
INFO 2022-12-22 10:13:44,366 "GET /result/view/all HTTP/1.1" 200 10972
INFO 2022-12-22 10:13:44,958 "GET /result/view/all_class HTTP/1.1" 200 11305
INFO 2022-12-22 10:13:47,280 "GET /result/view/all HTTP/1.1" 200 10972
INFO 2022-12-22 10:13:51,947 "GET /result/edit-results/ HTTP/1.1" 200 12288
INFO 2022-12-22 10:13:52,777 "GET /result/view/all HTTP/1.1" 200 10972
INFO 2022-12-22 10:14:21,910 "GET /result/edit-results/ HTTP/1.1" 200 12288
INFO 2022-12-22 10:14:27,061 "POST /result/edit-results/ HTTP/1.1" 302 0
INFO 2022-12-22 10:14:27,085 "GET /result/edit-results/ HTTP/1.1" 200 12428
INFO 2022-12-22 10:14:28,340 "GET /result/view/all HTTP/1.1" 200 10972
INFO 2022-12-22 10:14:29,401 "GET /result/edit-results/ HTTP/1.1" 200 12285
INFO 2022-12-22 10:14:31,073 "GET /result/view/all HTTP/1.1" 200 10972
INFO 2022-12-22 10:14:32,539 "GET /result/view/all_class HTTP/1.1" 200 11299
INFO 2022-12-22 10:14:34,173 "GET /result/edit-class_results/ HTTP/1.1" 200 12098
INFO 2022-12-22 10:14:35,574 "GET /result/view/subject HTTP/1.1" 200 11951
INFO 2022-12-22 10:14:36,393 "GET /result/edit-class_results/ HTTP/1.1" 200 12098
INFO 2022-12-22 10:14:37,193 "GET /result/view/all_class HTTP/1.1" 200 11299
INFO 2022-12-22 10:14:38,175 "GET /result/view/all HTTP/1.1" 200 10972
INFO 2022-12-22 10:15:59,371 "GET /result/view/all_class HTTP/1.1" 200 11299
INFO 2022-12-22 10:16:01,386 "GET /result/view/all HTTP/1.1" 200 10972
INFO 2022-12-22 10:16:04,816 "GET /result/view/all_class HTTP/1.1" 200 11299
INFO 2022-12-22 10:16:07,031 "GET /result/edit-class_results/ HTTP/1.1" 200 12098
INFO 2022-12-22 10:16:08,483 "GET /result/view/subject HTTP/1.1" 200 11951
INFO 2022-12-22 10:16:09,583 "GET /result/edit-class_results/ HTTP/1.1" 200 12098
INFO 2022-12-22 10:16:13,798 "POST /result/edit-class_results/ HTTP/1.1" 200 11690
INFO 2022-12-22 10:16:15,868 "GET /result/edit-class_results/ HTTP/1.1" 200 12098
INFO 2022-12-22 10:16:17,112 "GET /result/view/subject HTTP/1.1" 200 11951
INFO 2022-12-22 10:16:56,754 "GET /result/view/subject HTTP/1.1" 200 11935
INFO 2022-12-22 10:17:01,368 "GET /result/view/all_class HTTP/1.1" 200 11283
INFO 2022-12-22 10:17:02,684 "GET /result/view/all HTTP/1.1" 200 10956
INFO 2022-12-22 10:17:03,457 "GET /result/view/all_class HTTP/1.1" 200 11283
INFO 2022-12-22 10:17:04,064 "GET /result/view/subject HTTP/1.1" 200 11935
INFO 2022-12-22 10:17:05,409 "GET /result/view/all HTTP/1.1" 200 10956
INFO 2022-12-22 10:17:07,260 "GET /result/view/subject HTTP/1.1" 200 11935
INFO 2022-12-22 10:17:10,740 "POST /result/view/subject HTTP/1.1" 200 12707
INFO 2022-12-22 10:21:40,184 D:\NhatTung\student-management-system\apps\result\views.py changed, reloading.
INFO 2022-12-22 10:21:41,250 Watching for file changes with StatReloader
INFO 2022-12-22 10:21:50,848 D:\NhatTung\student-management-system\apps\result\views.py changed, reloading.
INFO 2022-12-22 10:21:51,620 Watching for file changes with StatReloader
INFO 2022-12-22 10:21:58,241 D:\NhatTung\student-management-system\apps\result\views.py changed, reloading.
INFO 2022-12-22 10:21:59,235 Watching for file changes with StatReloader
INFO 2022-12-22 10:22:01,578 "POST /result/view/subject HTTP/1.1" 200 12707
INFO 2022-12-22 10:22:03,368 "GET /result/create/ HTTP/1.1" 200 12418
INFO 2022-12-22 10:22:04,343 "GET /result/edit-results/ HTTP/1.1" 200 12269
INFO 2022-12-22 10:22:07,767 "POST /result/edit-results/ HTTP/1.1" 302 0
INFO 2022-12-22 10:22:07,797 "GET /result/edit-results/ HTTP/1.1" 200 12413
INFO 2022-12-22 10:22:10,096 "GET /result/edit-results/ HTTP/1.1" 200 12270
INFO 2022-12-22 10:22:10,818 "GET /result/edit-class_results/ HTTP/1.1" 200 12082
INFO 2022-12-22 10:22:11,886 "GET /result/view/all HTTP/1.1" 200 10958
INFO 2022-12-22 10:22:12,860 "GET /result/view/all_class HTTP/1.1" 200 11285
INFO 2022-12-22 10:22:14,358 "GET /result/view/subject HTTP/1.1" 200 11935
INFO 2022-12-22 10:22:18,467 "POST /result/view/subject HTTP/1.1" 200 12709
INFO 2022-12-22 10:22:22,996 "GET /session/list/ HTTP/1.1" 200 13016
INFO 2022-12-22 10:22:26,089 "GET /student/create/ HTTP/1.1" 200 13744
INFO 2022-12-22 10:22:46,903 "GET /accounts/logout/ HTTP/1.1" 302 0
INFO 2022-12-22 10:22:46,915 "GET / HTTP/1.1" 302 0
INFO 2022-12-22 10:22:46,930 "GET /accounts/login/?next=/ HTTP/1.1" 200 4035
INFO 2022-12-22 10:28:48,655 "POST /accounts/login/ HTTP/1.1" 302 0
INFO 2022-12-22 10:28:48,674 "GET / HTTP/1.1" 200 10685
INFO 2022-12-22 10:28:50,828 "GET /result/edit-class_results/ HTTP/1.1" 200 12082
INFO 2022-12-22 10:29:19,009 "GET /result/edit-class_results/ HTTP/1.1" 200 12088
INFO 2022-12-22 10:29:21,589 "GET /result/edit-results/ HTTP/1.1" 200 12276
INFO 2022-12-22 10:29:22,488 "GET /result/create/ HTTP/1.1" 200 12424
INFO 2022-12-22 10:29:23,380 "GET /result/edit-results/ HTTP/1.1" 200 12276
INFO 2022-12-22 10:29:25,346 "GET /result/edit-class_results/ HTTP/1.1" 200 12088
INFO 2022-12-22 10:29:26,588 "GET /result/edit-results/ HTTP/1.1" 200 12276
INFO 2022-12-22 10:29:27,219 "GET /result/create/ HTTP/1.1" 200 12424
INFO 2022-12-22 10:29:28,184 "GET /result/edit-results/ HTTP/1.1" 200 12276
INFO 2022-12-22 10:29:28,715 "GET /result/edit-class_results/ HTTP/1.1" 200 12088
INFO 2022-12-22 10:29:29,608 "GET /result/create/ HTTP/1.1" 200 12424
INFO 2022-12-22 10:29:31,189 "GET /result/edit-results/ HTTP/1.1" 200 12276
INFO 2022-12-22 10:30:14,788 "GET /result/edit-class_results/ HTTP/1.1" 200 12088
INFO 2022-12-22 10:30:15,715 "GET /result/view/all HTTP/1.1" 200 10964
INFO 2022-12-22 10:30:16,630 "GET /result/view/all_class HTTP/1.1" 200 11291
INFO 2022-12-22 10:30:29,542 "GET /result/create/ HTTP/1.1" 200 12424
INFO 2022-12-22 10:30:32,201 "GET /result/view/subject HTTP/1.1" 200 11941
INFO 2022-12-22 10:30:32,738 "GET /result/view/all HTTP/1.1" 200 10964
INFO 2022-12-22 10:30:33,669 "GET /result/view/all HTTP/1.1" 200 10964
INFO 2022-12-22 10:30:34,590 "GET /result/view/all_class HTTP/1.1" 200 11291
INFO 2022-12-22 10:30:57,794 "GET /result/view/all_class HTTP/1.1" 200 11294
INFO 2022-12-22 10:31:22,153 "GET /accounts/logout/ HTTP/1.1" 302 0
INFO 2022-12-22 10:31:22,162 "GET / HTTP/1.1" 302 0
INFO 2022-12-22 10:31:22,175 "GET /accounts/login/?next=/ HTTP/1.1" 200 4035
INFO 2022-12-22 10:32:05,994 "POST /accounts/login/ HTTP/1.1" 302 0
INFO 2022-12-22 10:32:06,017 "GET / HTTP/1.1" 200 10691
INFO 2022-12-22 10:32:08,191 "GET /student/create/ HTTP/1.1" 200 13750
INFO 2022-12-22 10:32:15,469 "GET /finance/list/ HTTP/1.1" 200 11777
INFO 2022-12-22 10:32:20,825 "GET /student/list HTTP/1.1" 200 12283
INFO 2022-12-22 10:32:23,715 "GET /student/create/ HTTP/1.1" 200 13750
INFO 2022-12-22 10:32:32,163 "GET /student/list HTTP/1.1" 200 12283
INFO 2022-12-22 10:32:43,976 "GET /student/upload/ HTTP/1.1" 200 11424
INFO 2022-12-22 10:32:57,034 "GET /student/list HTTP/1.1" 200 12283
INFO 2022-12-22 10:33:06,540 "GET /student/21521014/ HTTP/1.1" 200 12836
INFO 2022-12-22 10:33:08,483 "GET /student/21521014/update/ HTTP/1.1" 200 13778
INFO 2022-12-22 10:33:15,663 "GET /student/create/ HTTP/1.1" 200 13750
INFO 2022-12-22 10:33:31,117 "GET /student/list HTTP/1.1" 200 12283
INFO 2022-12-22 10:33:34,084 "GET /class/create/ HTTP/1.1" 200 11252
INFO 2022-12-22 10:33:35,737 "GET /class/list/ HTTP/1.1" 200 13258
INFO 2022-12-22 10:33:36,368 "GET /class/create_student HTTP/1.1" 200 12440
INFO 2022-12-22 10:33:46,916 "POST /class/create_student HTTP/1.1" 200 12143
INFO 2022-12-22 10:33:50,398 "POST /class/create_student HTTP/1.1" 302 0
INFO 2022-12-22 10:33:50,423 "GET /student/list HTTP/1.1" 200 12287
INFO 2022-12-22 10:34:03,654 "GET /class/list/ HTTP/1.1" 200 13258
INFO 2022-12-22 10:34:07,169 "GET /class/3/update/ HTTP/1.1" 200 11253
INFO 2022-12-22 10:34:10,888 "GET /class/list/ HTTP/1.1" 200 13258
INFO 2022-12-22 10:34:11,821 "GET /class/create/ HTTP/1.1" 200 11252
INFO 2022-12-22 10:34:12,711 "GET /class/create_student HTTP/1.1" 200 12444
INFO 2022-12-22 10:35:22,561 "GET /current-session/ HTTP/1.1" 200 11942
INFO 2022-12-22 10:35:35,601 "POST /current-session/ HTTP/1.1" 200 11942
INFO 2022-12-22 10:35:36,528 "GET /class/create/ HTTP/1.1" 200 11252
INFO 2022-12-22 10:35:38,141 "GET /class/list/ HTTP/1.1" 200 13258
INFO 2022-12-22 10:35:39,477 "GET /class/create_student HTTP/1.1" 200 12444
INFO 2022-12-22 10:35:42,475 "POST /class/create_student HTTP/1.1" 200 12588
INFO 2022-12-22 10:35:47,328 "POST /class/create_student HTTP/1.1" 200 12134
INFO 2022-12-22 10:35:50,100 "POST /class/create_student HTTP/1.1" 302 0
INFO 2022-12-22 10:35:50,140 "GET /student/list HTTP/1.1" 200 12289
INFO 2022-12-22 10:35:58,768 "GET /current-session/ HTTP/1.1" 200 11942
INFO 2022-12-22 10:36:01,418 "POST /current-session/ HTTP/1.1" 200 11942
INFO 2022-12-22 10:36:02,566 "GET /class/create_student HTTP/1.1" 200 12446
INFO 2022-12-22 10:36:25,759 "GET /student/list HTTP/1.1" 200 12289
INFO 2022-12-22 10:36:45,023 "GET /class/list/ HTTP/1.1" 200 13258
INFO 2022-12-22 10:36:48,853 "GET /class/create_student HTTP/1.1" 200 12446
INFO 2022-12-22 10:37:14,877 "GET /student/list HTTP/1.1" 200 12289
INFO 2022-12-22 10:37:23,116 "GET /student/21528523/ HTTP/1.1" 200 12841
INFO 2022-12-22 10:37:44,548 "GET /result/create/ HTTP/1.1" 200 12430
INFO 2022-12-22 10:37:53,067 "POST /result/create/ HTTP/1.1" 200 12614
INFO 2022-12-22 10:37:59,596 "POST /result/create/ HTTP/1.1" 302 0
INFO 2022-12-22 10:37:59,631 "GET /result/edit-results/ HTTP/1.1" 200 13687
INFO 2022-12-22 10:38:13,249 "POST /result/edit-results/ HTTP/1.1" 200 13687
INFO 2022-12-22 10:38:34,928 "POST /result/edit-results/ HTTP/1.1" 302 0
INFO 2022-12-22 10:38:34,960 "GET /result/edit-results/ HTTP/1.1" 200 13830
INFO 2022-12-22 10:38:35,544 "GET /result/create/ HTTP/1.1" 200 12430
INFO 2022-12-22 10:38:41,094 "POST /result/create/ HTTP/1.1" 200 12614
INFO 2022-12-22 10:38:53,792 "GET /result/edit-results/ HTTP/1.1" 200 13687
INFO 2022-12-22 10:38:55,316 "GET /result/create/ HTTP/1.1" 200 12430
INFO 2022-12-22 10:39:00,879 "GET /result/edit-results/ HTTP/1.1" 200 13687
INFO 2022-12-22 10:39:10,946 "GET /result/create/ HTTP/1.1" 200 12430
INFO 2022-12-22 10:39:14,314 "POST /result/create/ HTTP/1.1" 200 12614
INFO 2022-12-22 10:39:17,921 "POST /result/create/ HTTP/1.1" 302 0
INFO 2022-12-22 10:39:17,964 "GET /result/edit-results/ HTTP/1.1" 200 15104
INFO 2022-12-22 10:40:08,514 "GET /subject/list/ HTTP/1.1" 200 12836
INFO 2022-12-22 10:40:12,775 "GET /subject/1/update/ HTTP/1.1" 200 11260
INFO 2022-12-22 10:40:14,282 "POST /subject/1/update/ HTTP/1.1" 302 0
INFO 2022-12-22 10:40:14,303 "GET /subject/list/ HTTP/1.1" 200 12980
INFO 2022-12-22 10:40:45,916 "GET /result/edit-results/ HTTP/1.1" 200 15104
INFO 2022-12-22 10:40:47,712 "GET /result/view/subject HTTP/1.1" 200 11941
INFO 2022-12-22 10:40:48,924 "GET /result/view/all_class HTTP/1.1" 200 13850
INFO 2022-12-22 10:40:52,312 "GET /result/view/all HTTP/1.1" 200 12374
INFO 2022-12-22 10:40:53,531 "GET /result/edit-class_results/ HTTP/1.1" 200 12088
INFO 2022-12-22 10:40:54,165 "GET /result/edit-results/ HTTP/1.1" 200 15104
INFO 2022-12-22 10:41:12,079 "GET /current-session/ HTTP/1.1" 200 11942
INFO 2022-12-22 10:41:15,981 "GET /result/view/subject HTTP/1.1" 200 11941
INFO 2022-12-22 10:41:20,119 "GET /subject/list/ HTTP/1.1" 200 12836
INFO 2022-12-22 10:41:22,029 "GET /subject/2/delete/ HTTP/1.1" 200 11429
INFO 2022-12-22 10:41:23,538 "POST /subject/2/delete/ HTTP/1.1" 302 0
INFO 2022-12-22 10:41:23,558 "GET /subject/list/ HTTP/1.1" 200 12541
INFO 2022-12-22 10:41:32,779 "GET /current-session/ HTTP/1.1" 200 11942
INFO 2022-12-22 10:41:35,373 "GET /result/edit-results/ HTTP/1.1" 200 13687
INFO 2022-12-22 10:41:39,943 "GET /current-session/ HTTP/1.1" 200 11942
INFO 2022-12-22 10:41:44,222 "POST /current-session/ HTTP/1.1" 200 11942
INFO 2022-12-22 10:41:51,970 "GET /subject/list/ HTTP/1.1" 200 12541
INFO 2022-12-22 10:41:57,523 "POST /subject/create/ HTTP/1.1" 302 0
INFO 2022-12-22 10:41:57,549 "GET /subject/list/ HTTP/1.1" 200 12966
INFO 2022-12-22 10:42:01,064 "GET /result/edit-results/ HTTP/1.1" 200 11570
INFO 2022-12-22 10:42:02,293 "GET /result/create/ HTTP/1.1" 200 12430
INFO 2022-12-22 10:42:08,067 "POST /result/create/ HTTP/1.1" 200 12599
INFO 2022-12-22 10:42:10,034 "POST /result/create/ HTTP/1.1" 302 0
INFO 2022-12-22 10:42:10,069 "GET /result/edit-results/ HTTP/1.1" 200 14368
INFO 2022-12-22 10:42:14,565 "GET /current-session/ HTTP/1.1" 200 11942
INFO 2022-12-22 10:42:15,812 "GET /current-session/ HTTP/1.1" 200 11942
INFO 2022-12-22 10:42:23,067 "GET /subject/list/ HTTP/1.1" 200 12821
INFO 2022-12-22 10:43:37,887 "GET /result/view/all HTTP/1.1" 200 11668
INFO 2022-12-22 10:43:40,823 "GET /result/view/all_class HTTP/1.1" 200 12782
INFO 2022-12-22 10:43:43,638 "GET /result/view/subject HTTP/1.1" 200 11926
INFO 2022-12-22 10:43:46,459 "POST /result/view/subject HTTP/1.1" 200 13472
INFO 2022-12-22 10:43:51,337 "GET /result/edit-results/ HTTP/1.1" 200 14368
INFO 2022-12-22 10:44:12,501 "GET /result/view/all HTTP/1.1" 200 11668
INFO 2022-12-22 10:44:25,137 "GET /result/view/all_class HTTP/1.1" 200 12782
INFO 2022-12-22 10:44:58,406 "GET /result/view/subject HTTP/1.1" 200 11926
INFO 2022-12-22 10:45:01,354 "GET /result/view/all_class HTTP/1.1" 200 12782
INFO 2022-12-22 10:45:03,644 "GET /result/edit-results/ HTTP/1.1" 200 14368
INFO 2022-12-22 10:45:08,572 "GET /result/view/all_class HTTP/1.1" 200 12782
INFO 2022-12-22 10:45:14,368 "GET /result/view/subject HTTP/1.1" 200 11926
INFO 2022-12-22 10:45:18,331 "POST /result/view/subject HTTP/1.1" 200 13472
INFO 2022-12-22 10:46:05,903 "GET /result/view/all HTTP/1.1" 200 11668
